<?xml version="1.0" encoding="UTF-8"?>
<!-- Generated by org.testng.reporters.JUnitReportReporter -->
<testsuite skipped="0" hostname="dell" name="test.DynamicJson" tests="1" failures="0" timestamp="27 Feb 2021 06:29:45 GMT" time="5.155" errors="0">
  <testcase name="Addbook" time="5.155" classname="test.DynamicJson"/>
</testsuite> <!-- test.DynamicJson -->
