<?xml version="1.0" encoding="UTF-8"?>
<!-- Generated by org.testng.reporters.JUnitReportReporter -->
<testsuite skipped="0" hostname="DELL" name="comlexjson.ComplexJson" tests="1" failures="0" timestamp="21 Apr 2021 22:10:12 GMT" time="3.175" errors="0">
  <testcase name="SumValdation" time="3.175" classname="comlexjson.ComplexJson"/>
</testsuite> <!-- comlexjson.ComplexJson -->
