<?xml version="1.0" encoding="UTF-8"?>
<!-- Generated by org.testng.reporters.JUnitReportReporter -->
<testsuite skipped="0" hostname="DELL" name="test.SumValidation" tests="1" failures="0" timestamp="21 Apr 2021 22:08:38 GMT" time="2.718" errors="0">
  <testcase name="sumOfAmount" time="2.718" classname="test.SumValidation"/>
</testsuite> <!-- test.SumValidation -->
