<?xml version="1.0" encoding="UTF-8"?>
<!-- Generated by org.testng.reporters.JUnitReportReporter -->
<testsuite skipped="0" hostname="DELL" name="dynamicjson.AddBook" tests="3" failures="0" timestamp="16 Sep 2021 08:49:15 GMT" time="9.231" errors="0">
  <testcase name="Add" time="8.651" classname="dynamicjson.AddBook"/>
  <testcase name="Add" time="0.265" classname="dynamicjson.AddBook"/>
  <testcase name="Add" time="0.315" classname="dynamicjson.AddBook"/>
</testsuite> <!-- dynamicjson.AddBook -->
